2026-07-02 17:05:47,339 - INFO - Connecting to 149.154.167.91:443/TcpFull...
2026-07-02 17:05:47,611 - INFO - Connection to 149.154.167.91:443/TcpFull complete!
2026-07-02 17:05:48,969 - INFO - Started scraping CheMed123
2026-07-02 17:05:50,611 - INFO - Starting direct file download in chunks of 131072 at 0, stride 131072
2026-07-02 17:05:51,655 - INFO - Starting direct file download in chunks of 131072 at 0, stride 131072
2026-07-02 17:05:54,180 - INFO - Starting direct file download in chunks of 131072 at 0, stride 131072
2026-07-02 17:05:55,348 - INFO - Starting direct file download in chunks of 131072 at 0, stride 131072
2026-07-02 17:05:56,449 - INFO - Starting direct file download in chunks of 131072 at 0, stride 131072
2026-07-02 17:05:57,596 - INFO - Starting direct file download in chunks of 131072 at 0, stride 131072
2026-07-02 17:05:59,183 - INFO - Starting direct file download in chunks of 131072 at 0, stride 131072
2026-07-02 17:06:00,092 - INFO - Starting direct file download in chunks of 131072 at 0, stride 131072
2026-07-02 17:06:02,394 - INFO - Starting direct file download in chunks of 131072 at 0, stride 131072
2026-07-02 17:06:04,984 - INFO - Starting direct file download in chunks of 131072 at 0, stride 131072
2026-07-02 17:06:07,795 - INFO - Starting direct file download in chunks of 131072 at 0, stride 131072
2026-07-02 17:06:09,428 - INFO - Starting direct file download in chunks of 131072 at 0, stride 131072
2026-07-02 17:06:10,362 - INFO - Starting direct file download in chunks of 131072 at 0, stride 131072
2026-07-02 17:06:11,513 - INFO - Starting direct file download in chunks of 131072 at 0, stride 131072
2026-07-02 17:06:13,179 - INFO - Starting direct file download in chunks of 131072 at 0, stride 131072
2026-07-02 17:06:14,216 - INFO - Starting direct file download in chunks of 131072 at 0, stride 131072
2026-07-02 17:06:17,155 - INFO - Starting direct file download in chunks of 131072 at 0, stride 131072
2026-07-02 17:06:19,632 - INFO - Starting direct file download in chunks of 131072 at 0, stride 131072
2026-07-02 17:06:22,004 - INFO - Starting direct file download in chunks of 131072 at 0, stride 131072
2026-07-02 17:06:23,435 - INFO - Starting direct file download in chunks of 131072 at 0, stride 131072
2026-07-02 17:06:25,261 - INFO - Starting direct file download in chunks of 131072 at 0, stride 131072
2026-07-02 17:06:26,521 - INFO - Starting direct file download in chunks of 131072 at 0, stride 131072
2026-07-02 17:06:29,297 - INFO - Starting direct file download in chunks of 131072 at 0, stride 131072
2026-07-02 17:06:30,868 - INFO - Starting direct file download in chunks of 131072 at 0, stride 131072
2026-07-02 17:06:32,348 - INFO - Starting direct file download in chunks of 131072 at 0, stride 131072
2026-07-02 17:06:33,716 - INFO - Starting direct file download in chunks of 131072 at 0, stride 131072
2026-07-02 17:06:34,769 - INFO - Starting direct file download in chunks of 131072 at 0, stride 131072
2026-07-02 17:06:35,765 - INFO - Starting direct file download in chunks of 131072 at 0, stride 131072
2026-07-02 17:06:36,431 - INFO - Starting direct file download in chunks of 131072 at 0, stride 131072
2026-07-02 17:06:37,371 - INFO - Starting direct file download in chunks of 131072 at 0, stride 131072
2026-07-02 17:06:40,358 - INFO - Starting direct file download in chunks of 131072 at 0, stride 131072
2026-07-02 17:06:41,985 - INFO - Starting direct file download in chunks of 131072 at 0, stride 131072
2026-07-02 17:06:43,531 - INFO - Starting direct file download in chunks of 131072 at 0, stride 131072
2026-07-02 17:06:45,062 - INFO - Starting direct file download in chunks of 131072 at 0, stride 131072
2026-07-02 17:06:46,524 - INFO - Starting direct file download in chunks of 131072 at 0, stride 131072
2026-07-02 17:06:47,523 - INFO - Starting direct file download in chunks of 131072 at 0, stride 131072
2026-07-02 17:06:49,845 - INFO - Starting direct file download in chunks of 131072 at 0, stride 131072
2026-07-02 17:06:50,874 - INFO - Starting direct file download in chunks of 131072 at 0, stride 131072
2026-07-02 17:06:52,481 - INFO - Starting direct file download in chunks of 131072 at 0, stride 131072
2026-07-02 17:06:53,444 - INFO - Starting direct file download in chunks of 131072 at 0, stride 131072
2026-07-02 17:06:54,578 - INFO - Starting direct file download in chunks of 131072 at 0, stride 131072
2026-07-02 17:06:56,215 - INFO - Starting direct file download in chunks of 131072 at 0, stride 131072
2026-07-02 17:06:57,277 - INFO - Starting direct file download in chunks of 131072 at 0, stride 131072
2026-07-02 17:06:58,502 - INFO - Starting direct file download in chunks of 131072 at 0, stride 131072
2026-07-02 17:07:01,236 - INFO - Starting direct file download in chunks of 131072 at 0, stride 131072
2026-07-02 17:07:02,055 - INFO - Starting direct file download in chunks of 131072 at 0, stride 131072
2026-07-02 17:07:03,848 - INFO - Saved 50 messages from CheMed123
2026-07-02 17:07:03,848 - INFO - Started scraping lobelia4cosmetics
2026-07-02 17:07:04,864 - INFO - Starting direct file download in chunks of 131072 at 0, stride 131072
2026-07-02 17:07:05,650 - INFO - Starting direct file download in chunks of 131072 at 0, stride 131072
2026-07-02 17:07:07,045 - INFO - Starting direct file download in chunks of 131072 at 0, stride 131072
2026-07-02 17:07:08,437 - INFO - Starting direct file download in chunks of 131072 at 0, stride 131072
2026-07-02 17:07:09,624 - INFO - Starting direct file download in chunks of 131072 at 0, stride 131072
2026-07-02 17:07:10,502 - INFO - Starting direct file download in chunks of 131072 at 0, stride 131072
2026-07-02 17:07:11,055 - INFO - Starting direct file download in chunks of 131072 at 0, stride 131072
2026-07-02 17:07:12,038 - INFO - Starting direct file download in chunks of 131072 at 0, stride 131072
2026-07-02 17:07:12,932 - INFO - Starting direct file download in chunks of 131072 at 0, stride 131072
2026-07-02 17:07:14,008 - INFO - Starting direct file download in chunks of 131072 at 0, stride 131072
2026-07-02 17:07:14,556 - INFO - Starting direct file download in chunks of 131072 at 0, stride 131072
2026-07-02 17:07:15,991 - INFO - Starting direct file download in chunks of 131072 at 0, stride 131072
2026-07-02 17:07:16,751 - INFO - Starting direct file download in chunks of 131072 at 0, stride 131072
2026-07-02 17:07:17,402 - INFO - Starting direct file download in chunks of 131072 at 0, stride 131072
2026-07-02 17:07:19,537 - INFO - Starting direct file download in chunks of 131072 at 0, stride 131072
2026-07-02 17:07:21,101 - INFO - Starting direct file download in chunks of 131072 at 0, stride 131072
2026-07-02 17:07:23,147 - INFO - Starting direct file download in chunks of 131072 at 0, stride 131072
2026-07-02 17:07:25,350 - INFO - Starting direct file download in chunks of 131072 at 0, stride 131072
2026-07-02 17:07:27,435 - INFO - Starting direct file download in chunks of 131072 at 0, stride 131072
2026-07-02 17:07:30,153 - INFO - Starting direct file download in chunks of 131072 at 0, stride 131072
2026-07-02 17:07:31,970 - INFO - Starting direct file download in chunks of 131072 at 0, stride 131072
2026-07-02 17:07:33,768 - INFO - Starting direct file download in chunks of 131072 at 0, stride 131072
2026-07-02 17:07:34,862 - INFO - Starting direct file download in chunks of 131072 at 0, stride 131072
2026-07-02 17:07:36,250 - INFO - Starting direct file download in chunks of 131072 at 0, stride 131072
2026-07-02 17:07:37,226 - INFO - Starting direct file download in chunks of 131072 at 0, stride 131072
2026-07-02 17:07:38,544 - INFO - Starting direct file download in chunks of 131072 at 0, stride 131072
2026-07-02 17:07:39,218 - INFO - Starting direct file download in chunks of 131072 at 0, stride 131072
2026-07-02 17:07:39,862 - INFO - Starting direct file download in chunks of 131072 at 0, stride 131072
2026-07-02 17:07:40,772 - INFO - Starting direct file download in chunks of 131072 at 0, stride 131072
2026-07-02 17:07:41,714 - INFO - Starting direct file download in chunks of 131072 at 0, stride 131072
2026-07-02 17:07:42,390 - INFO - Starting direct file download in chunks of 131072 at 0, stride 131072
2026-07-02 17:07:43,861 - INFO - Starting direct file download in chunks of 131072 at 0, stride 131072
2026-07-02 17:07:45,313 - INFO - Starting direct file download in chunks of 131072 at 0, stride 131072
2026-07-02 17:07:46,005 - INFO - Starting direct file download in chunks of 131072 at 0, stride 131072
2026-07-02 17:07:46,687 - INFO - Starting direct file download in chunks of 131072 at 0, stride 131072
2026-07-02 17:07:47,920 - INFO - Starting direct file download in chunks of 131072 at 0, stride 131072
2026-07-02 17:07:48,346 - INFO - Starting direct file download in chunks of 131072 at 0, stride 131072
2026-07-02 17:07:50,706 - INFO - Starting direct file download in chunks of 131072 at 0, stride 131072
2026-07-02 17:07:52,139 - INFO - Starting direct file download in chunks of 131072 at 0, stride 131072
2026-07-02 17:07:52,937 - INFO - Starting direct file download in chunks of 131072 at 0, stride 131072
2026-07-02 17:07:56,308 - INFO - Starting direct file download in chunks of 131072 at 0, stride 131072
2026-07-02 17:07:58,752 - INFO - Starting direct file download in chunks of 131072 at 0, stride 131072
2026-07-02 17:08:02,334 - INFO - Starting direct file download in chunks of 131072 at 0, stride 131072
2026-07-02 17:08:03,845 - INFO - Starting direct file download in chunks of 131072 at 0, stride 131072
2026-07-02 17:08:04,954 - INFO - Starting direct file download in chunks of 131072 at 0, stride 131072
2026-07-02 17:08:09,334 - INFO - Starting direct file download in chunks of 131072 at 0, stride 131072
2026-07-02 17:08:11,780 - INFO - Starting direct file download in chunks of 131072 at 0, stride 131072
2026-07-02 17:08:16,204 - INFO - Starting direct file download in chunks of 131072 at 0, stride 131072
2026-07-02 17:08:18,498 - INFO - Starting direct file download in chunks of 131072 at 0, stride 131072
2026-07-02 17:08:19,947 - INFO - Starting direct file download in chunks of 131072 at 0, stride 131072
2026-07-02 17:08:24,598 - INFO - Saved 50 messages from lobelia4cosmetics
2026-07-02 17:08:24,598 - INFO - Started scraping tikvahpharma
2026-07-02 17:08:29,121 - INFO - Starting direct file download in chunks of 131072 at 0, stride 131072
2026-07-02 17:08:31,171 - INFO - Starting direct file download in chunks of 131072 at 0, stride 131072
2026-07-02 17:08:35,769 - INFO - Starting direct file download in chunks of 131072 at 0, stride 131072
2026-07-02 17:08:37,398 - INFO - Starting direct file download in chunks of 131072 at 0, stride 131072
2026-07-02 17:08:39,894 - INFO - Starting direct file download in chunks of 131072 at 0, stride 131072
2026-07-02 17:08:42,751 - INFO - Starting direct file download in chunks of 131072 at 0, stride 131072
2026-07-02 17:08:44,273 - INFO - Starting direct file download in chunks of 131072 at 0, stride 131072
2026-07-02 17:08:49,106 - INFO - Starting direct file download in chunks of 131072 at 0, stride 131072
2026-07-02 17:08:50,524 - INFO - Starting direct file download in chunks of 131072 at 0, stride 131072
2026-07-02 17:08:54,251 - INFO - Starting direct file download in chunks of 131072 at 0, stride 131072
2026-07-02 17:08:56,108 - INFO - Starting direct file download in chunks of 131072 at 0, stride 131072
2026-07-02 17:08:57,779 - INFO - Starting direct file download in chunks of 131072 at 0, stride 131072
2026-07-02 17:08:58,757 - INFO - Starting direct file download in chunks of 131072 at 0, stride 131072
2026-07-02 17:09:01,040 - INFO - Saved 50 messages from tikvahpharma
2026-07-02 17:09:01,042 - INFO - Disconnecting from 149.154.167.91:443/TcpFull...
2026-07-02 17:09:01,141 - INFO - Disconnection from 149.154.167.91:443/TcpFull complete!
